<?xml version="1.0" encoding="UTF-8"?>
<testng-results ignored="0" total="2" passed="2" failed="0" skipped="0">
  <reporter-output>
  </reporter-output>
  <suite started-at="2022-12-07T08:07:06 IST" name="Suite" finished-at="2022-12-07T08:07:50 IST" duration-ms="44621">
    <groups>
    </groups>
    <test started-at="2022-12-07T08:07:06 IST" name="Test" finished-at="2022-12-07T08:07:50 IST" duration-ms="44621">
      <class name="Test.login_test">
        <test-method is-config="true" signature="First_Step()[pri:0, instance:Test.login_test@5d7148e2]" started-at="2022-12-07T08:07:06 IST" name="First_Step" finished-at="2022-12-07T08:07:30 IST" duration-ms="24176" status="PASS">
          <reporter-output>
          </reporter-output>
        </test-method> <!-- First_Step -->
        <test-method signature="ltest()[pri:1, instance:Test.login_test@5d7148e2]" started-at="2022-12-07T08:07:30 IST" name="ltest" finished-at="2022-12-07T08:07:33 IST" duration-ms="3228" status="PASS">
          <reporter-output>
          </reporter-output>
        </test-method> <!-- ltest -->
      </class> <!-- Test.login_test -->
      <class name="Test.home_test">
        <test-method is-config="true" signature="First_Step()[pri:0, instance:Test.home_test@26e356f0]" started-at="2022-12-07T08:07:33 IST" name="First_Step" finished-at="2022-12-07T08:07:48 IST" duration-ms="14633" status="PASS">
          <reporter-output>
          </reporter-output>
        </test-method> <!-- First_Step -->
        <test-method signature="AddProducts()[pri:2, instance:Test.home_test@26e356f0]" started-at="2022-12-07T08:07:48 IST" name="AddProducts" finished-at="2022-12-07T08:07:50 IST" duration-ms="2502" status="PASS">
          <reporter-output>
          </reporter-output>
        </test-method> <!-- AddProducts -->
      </class> <!-- Test.home_test -->
    </test> <!-- Test -->
  </suite> <!-- Suite -->
</testng-results>
