<?xml version="1.0" encoding="UTF-8"?>
<testng-results ignored="0" total="2" passed="2" failed="0" skipped="0">
  <reporter-output>
  </reporter-output>
  <suite started-at="2022-11-28T19:13:18 IST" name="Default suite" finished-at="2022-11-28T19:13:41 IST" duration-ms="23325">
    <groups>
    </groups>
    <test started-at="2022-11-28T19:13:18 IST" name="Default test" finished-at="2022-11-28T19:13:41 IST" duration-ms="23325">
      <class name="Insta.Into">
        <test-method is-config="true" signature="Fitst_Step()[pri:0, instance:Insta.Into@4d5650ae]" started-at="2022-11-28T19:13:18 IST" name="Fitst_Step" finished-at="2022-11-28T19:13:36 IST" duration-ms="17767" status="PASS">
          <reporter-output>
          </reporter-output>
        </test-method> <!-- Fitst_Step -->
        <test-method signature="Second_Step(java.lang.String,java.lang.String)[pri:0, instance:Insta.Into@4d5650ae]" started-at="2022-11-28T19:13:40 IST" name="Second_Step" data-provider="login data" finished-at="2022-11-28T19:13:41 IST" duration-ms="1288" status="PASS">
          <params>
            <param index="0">
              <value>
                <![CDATA[vishal_230297]]>
              </value>
            </param>
            <param index="1">
              <value>
                <![CDATA[TN12AJ5787]]>
              </value>
            </param>
          </params>
          <reporter-output>
          </reporter-output>
        </test-method> <!-- Second_Step -->
        <test-method signature="Second_Step(java.lang.String,java.lang.String)[pri:0, instance:Insta.Into@4d5650ae]" started-at="2022-11-28T19:13:41 IST" name="Second_Step" data-provider="login data" finished-at="2022-11-28T19:13:41 IST" duration-ms="435" status="PASS">
          <params>
            <param index="0">
              <value>
                <![CDATA[]]>
              </value>
            </param>
            <param index="1">
              <value>
                <![CDATA[]]>
              </value>
            </param>
          </params>
          <reporter-output>
          </reporter-output>
        </test-method> <!-- Second_Step -->
      </class> <!-- Insta.Into -->
    </test> <!-- Default test -->
  </suite> <!-- Default suite -->
</testng-results>
